0 info it worked if it ends with ok
1 verbose cli [ '/usr/bin/nodejs', '/usr/bin/npm', 'run', 'generate-docs' ]
2 info using npm@3.8.6
3 info using node@v5.12.0
4 verbose run-script [ 'pregenerate-docs', 'generate-docs', 'postgenerate-docs' ]
5 info lifecycle directv-alexa-control@1.0.0~pregenerate-docs: directv-alexa-control@1.0.0
6 silly lifecycle directv-alexa-control@1.0.0~pregenerate-docs: no script for pregenerate-docs, continuing
7 info lifecycle directv-alexa-control@1.0.0~generate-docs: directv-alexa-control@1.0.0
8 verbose lifecycle directv-alexa-control@1.0.0~generate-docs: unsafe-perm in lifecycle true
9 verbose lifecycle directv-alexa-control@1.0.0~generate-docs: PATH: /usr/lib/node_modules/npm/bin/node-gyp-bin:/home/myoung/workspace/directv-alexa-control/node_modules/.bin:/usr/bin:/usr/local/sbin:/usr/local/bin:/usr/bin:/usr/sbin:/sbin:/bin:/usr/lib/jvm/java-8-oracle/bin:/usr/lib/jvm/java-8-oracle/db/bin:/usr/lib/jvm/java-8-oracle/jre/bin
10 verbose lifecycle directv-alexa-control@1.0.0~generate-docs: CWD: /home/myoung/workspace/directv-alexa-control
11 silly lifecycle directv-alexa-control@1.0.0~generate-docs: Args: [ '-c', 'jsdoc --configure ./jsdoc-config.json --verbose' ]
12 silly lifecycle directv-alexa-control@1.0.0~generate-docs: Returned: code: 1  signal: null
13 info lifecycle directv-alexa-control@1.0.0~generate-docs: Failed to exec generate-docs script
14 verbose stack Error: directv-alexa-control@1.0.0 generate-docs: `jsdoc --configure ./jsdoc-config.json --verbose`
14 verbose stack Exit status 1
14 verbose stack     at EventEmitter.<anonymous> (/usr/lib/node_modules/npm/lib/utils/lifecycle.js:239:16)
14 verbose stack     at emitTwo (events.js:100:13)
14 verbose stack     at EventEmitter.emit (events.js:185:7)
14 verbose stack     at ChildProcess.<anonymous> (/usr/lib/node_modules/npm/lib/utils/spawn.js:24:14)
14 verbose stack     at emitTwo (events.js:100:13)
14 verbose stack     at ChildProcess.emit (events.js:185:7)
14 verbose stack     at maybeClose (internal/child_process.js:850:16)
14 verbose stack     at Process.ChildProcess._handle.onexit (internal/child_process.js:215:5)
15 verbose pkgid directv-alexa-control@1.0.0
16 verbose cwd /home/myoung/workspace/directv-alexa-control
17 error Linux 4.4.0-63-generic
18 error argv "/usr/bin/nodejs" "/usr/bin/npm" "run" "generate-docs"
19 error node v5.12.0
20 error npm  v3.8.6
21 error code ELIFECYCLE
22 error directv-alexa-control@1.0.0 generate-docs: `jsdoc --configure ./jsdoc-config.json --verbose`
22 error Exit status 1
23 error Failed at the directv-alexa-control@1.0.0 generate-docs script 'jsdoc --configure ./jsdoc-config.json --verbose'.
23 error Make sure you have the latest version of node.js and npm installed.
23 error If you do, this is most likely a problem with the directv-alexa-control package,
23 error not with npm itself.
23 error Tell the author that this fails on your system:
23 error     jsdoc --configure ./jsdoc-config.json --verbose
23 error You can get information on how to open an issue for this project with:
23 error     npm bugs directv-alexa-control
23 error Or if that isn't available, you can get their info via:
23 error     npm owner ls directv-alexa-control
23 error There is likely additional logging output above.
24 verbose exit [ 1, true ]
